d:\workspace\mmddev\mmddiscordrpc2\mmdplugindll-master\mmddiscordrpc\x64\release\mmddiscordrpc.pch
d:\workspace\mmddev\mmddiscordrpc2\mmdplugindll-master\mmddiscordrpc\x64\release\vc142.pdb
d:\workspace\mmddev\mmddiscordrpc2\mmdplugindll-master\mmddiscordrpc\x64\release\stdafx.obj
d:\workspace\mmddev\mmddiscordrpc2\mmdplugindll-master\mmddiscordrpc\x64\release\mmddiscordrpc.obj
d:\workspace\mmddev\mmddiscordrpc2\mmdplugindll-master\mmddiscordrpc\x64\release\voice_manager.obj
d:\workspace\mmddev\mmddiscordrpc2\mmdplugindll-master\mmddiscordrpc\x64\release\user_manager.obj
d:\workspace\mmddev\mmddiscordrpc2\mmdplugindll-master\mmddiscordrpc\x64\release\types.obj
d:\workspace\mmddev\mmddiscordrpc2\mmdplugindll-master\mmddiscordrpc\x64\release\store_manager.obj
d:\workspace\mmddev\mmddiscordrpc2\mmdplugindll-master\mmddiscordrpc\x64\release\storage_manager.obj
d:\workspace\mmddev\mmddiscordrpc2\mmdplugindll-master\mmddiscordrpc\x64\release\relationship_manager.obj
d:\workspace\mmddev\mmddiscordrpc2\mmdplugindll-master\mmddiscordrpc\x64\release\overlay_manager.obj
d:\workspace\mmddev\mmddiscordrpc2\mmdplugindll-master\mmddiscordrpc\x64\release\network_manager.obj
d:\workspace\mmddev\mmddiscordrpc2\mmdplugindll-master\mmddiscordrpc\x64\release\lobby_manager.obj
d:\workspace\mmddev\mmddiscordrpc2\mmdplugindll-master\mmddiscordrpc\x64\release\image_manager.obj
d:\workspace\mmddev\mmddiscordrpc2\mmdplugindll-master\mmddiscordrpc\x64\release\core.obj
d:\workspace\mmddev\mmddiscordrpc2\mmdplugindll-master\mmddiscordrpc\x64\release\application_manager.obj
d:\workspace\mmddev\mmddiscordrpc2\mmdplugindll-master\mmddiscordrpc\x64\release\activity_manager.obj
d:\workspace\mmddev\mmddiscordrpc2\mmdplugindll-master\mmddiscordrpc\x64\release\achievement_manager.obj
d:\workspace\mmddev\mmddiscordrpc2\mmdplugindll-master\mmddiscordrpc\x64\release\dllmain.obj
d:\workspace\mmddev\mmddiscordrpc2\mmdplugindll-master\build\mmddiscordrpc.dll
d:\workspace\mmddev\mmddiscordrpc2\mmdplugindll-master\mmddiscordrpc\x64\release\mmddiscordrpc.ipdb
d:\workspace\mmddev\mmddiscordrpc2\mmdplugindll-master\mmddiscordrpc\x64\release\mmddiscordrpc.iobj
d:\workspace\mmddev\mmddiscordrpc2\mmdplugindll-master\build\mmddiscordrpc.pdb
d:\workspace\mmddev\mmddiscordrpc2\mmdplugindll-master\build\mmddiscordrpc.lib
d:\workspace\mmddev\mmddiscordrpc2\mmdplugindll-master\build\mmddiscordrpc.exp
d:\workspace\mmddev\mmddiscordrpc2\mmdplugindll-master\mmddiscordrpc\x64\release\mmddiscordrpc.tlog\cl.read.1.tlog
d:\workspace\mmddev\mmddiscordrpc2\mmdplugindll-master\mmddiscordrpc\x64\release\mmddiscordrpc.tlog\cl.write.1.tlog
d:\workspace\mmddev\mmddiscordrpc2\mmdplugindll-master\mmddiscordrpc\x64\release\mmddiscordrpc.tlog\cl.command.1.tlog
d:\workspace\mmddev\mmddiscordrpc2\mmdplugindll-master\mmddiscordrpc\x64\release\mmddiscordrpc.tlog\link.read.1.tlog
d:\workspace\mmddev\mmddiscordrpc2\mmdplugindll-master\mmddiscordrpc\x64\release\mmddiscordrpc.tlog\link.write.1.tlog
d:\workspace\mmddev\mmddiscordrpc2\mmdplugindll-master\mmddiscordrpc\x64\release\mmddiscordrpc.tlog\link.command.1.tlog
d:\workspace\mmddev\mmddiscordrpc2\mmdplugindll-master\mmddiscordrpc\x64\release\mmddiscordrpc.tlog\mmddiscordrpc.write.1u.tlog
