  achievement_manager.cpp
  activity_manager.cpp
  application_manager.cpp
  core.cpp
  image_manager.cpp
  lobby_manager.cpp
  network_manager.cpp
  overlay_manager.cpp
  relationship_manager.cpp
  storage_manager.cpp
  store_manager.cpp
  types.cpp
  user_manager.cpp
  voice_manager.cpp
  mmd_discordsrc.cpp
D:\Users\ptms7\source\repos\TestPlugin\MMDUtility\mmd_discordsrc.cpp(39,73): warning C4100: 'dwTime': 引数は関数の本体部で 1 度も参照されません。
D:\Users\ptms7\source\repos\TestPlugin\MMDUtility\mmd_discordsrc.cpp(39,57): warning C4100: 'timer_id': 引数は関数の本体部で 1 度も参照されません。
D:\Users\ptms7\source\repos\TestPlugin\MMDUtility\mmd_discordsrc.cpp(39,42): warning C4100: 'uMsg': 引数は関数の本体部で 1 度も参照されません。
D:\Users\ptms7\source\repos\TestPlugin\MMDUtility\mmd_discordsrc.cpp(39,31): warning C4100: 'hWnd': 引数は関数の本体部で 1 度も参照されません。
D:\Users\ptms7\source\repos\TestPlugin\MMDUtility\mmd_discordsrc.cpp(258,5): warning C4100: 'args': 引数は関数の本体部で 1 度も参照されません。
D:\Program Files (x86)\Microsoft Visual Studio\2019\Community\VC\Tools\MSVC\14.28.29910\include\type_traits(1493): message : コンパイル対象の関数 テンプレート インスタンス化 'void DiscordRPC::{ctor}::<lambda_476c78cdcd00dfaebf14b6e7a668a4fe>::operator ()<control::IMenu::CommandArgs>(control::IMenu::CommandArgs) const' のリファレンスを確認してください
D:\Program Files (x86)\Microsoft Visual Studio\2019\Community\VC\Tools\MSVC\14.28.29910\include\type_traits(1721): message : コンパイル対象の エイリアス テンプレート インスタンス化 'std::_Decltype_invoke_nonzero<DiscordRPC::{ctor}::<lambda_476c78cdcd00dfaebf14b6e7a668a4fe>&,const control::IMenu::CommandArgs&,>' のリファレンスを確認してください
D:\Program Files (x86)\Microsoft Visual Studio\2019\Community\VC\Tools\MSVC\14.28.29910\include\type_traits(1760): message : コンパイル対象の エイリアス テンプレート インスタンス化 'std::_Is_invocable_r_<void,DiscordRPC::{ctor}::<lambda_476c78cdcd00dfaebf14b6e7a668a4fe>&,const control::IMenu::CommandArgs&>' のリファレンスを確認してください
D:\Program Files (x86)\Microsoft Visual Studio\2019\Community\VC\Tools\MSVC\14.28.29910\include\functional(996): message : コンパイル対象の クラス テンプレート インスタンス化 'std::_Is_invocable_r<_Ret,DiscordRPC::{ctor}::<lambda_476c78cdcd00dfaebf14b6e7a668a4fe> &,const control::IMenu::CommandArgs &>' のリファレンスを確認してください
          with
          [
              _Ret=void
          ]
D:\Program Files (x86)\Microsoft Visual Studio\2019\Community\VC\Tools\MSVC\14.28.29910\include\functional(996): message : コンパイルされている変数テンプレート 'const bool conjunction_v<std::negation<std::is_same<<lambda_476c78cdcd00dfaebf14b6e7a668a4fe>,std::function<void __cdecl(control::IMenu::CommandArgs const &)> > >,std::_Is_invocable_r<void,<lambda_476c78cdcd00dfaebf14b6e7a668a4fe> &,control::IMenu::CommandArgs const &> >' のリファレンスをご参照ください
D:\Users\ptms7\source\repos\TestPlugin\MMDUtility\mmd_discordsrc.cpp(258): message : コンパイル対象の エイリアス テンプレート インスタンス化 'std::_Func_class<_Ret,const control::IMenu::CommandArgs &>::_Enable_if_callable_t<DiscordRPC::{ctor}::<lambda_476c78cdcd00dfaebf14b6e7a668a4fe>&,std::function<void (const control::IMenu::CommandArgs &)>>' のリファレンスを確認してください
          with
          [
              _Ret=void
          ]
D:\Users\ptms7\source\repos\TestPlugin\MMDUtility\mmd_discordsrc.cpp(262,14): warning C4189: 'timer': ローカル変数が初期化されましたが、参照されていません
  stdafx.cpp
  dllmain.cpp
     ライブラリ D:\Program Files\MikuMikuDance_v932x64\debug\Plugin\MMDDiscordRPC\MMDDiscordRPC.lib とオブジェクト D:\Program Files\MikuMikuDance_v932x64\debug\Plugin\MMDDiscordRPC\MMDDiscordRPC.exp を作成中
  コード生成しています。
  Previous IPDB not found, fall back to full compilation.
  All 1778 functions were compiled because no usable IPDB/IOBJ from previous compilation was found.
  コード生成が終了しました。
  MMDUtility.vcxproj -> D:\Program Files\MikuMikuDance_v932x64\debug\Plugin\MMDDiscordRPC\MMDDiscordRPC.dll
  指定されたファイルが見つかりません。
D:\Program Files (x86)\Microsoft Visual Studio\2019\Community\MSBuild\Microsoft\VC\v160\Microsoft.CppCommon.targets(155,5): error MSB3073: コマンド "copy D:\Program Files\MikuMikuDance_v932x64\debug\Plugin\MMDDiscordRPC\MMDDiscordRPC.lib D:\Users\ptms7\source\repos\TestPlugin\MMDUtility\
D:\Program Files (x86)\Microsoft Visual Studio\2019\Community\MSBuild\Microsoft\VC\v160\Microsoft.CppCommon.targets(155,5): error MSB3073: :VCEnd" はコード 1 で終了しました。
